[   224.799] (--) Log file renamed from "/home/sameer/.local/share/xorg/Xorg.pid-1364.log" to "/home/sameer/.local/share/xorg/Xorg.0.log"
[   224.801] 
X.Org X Server 1.19.6
Release Date: 2017-12-20
[   224.801] X Protocol Version 11, Revision 0
[   224.801] Build Operating System: Linux 4.4.0-119-generic x86_64 Ubuntu
[   224.801] Current Operating System: Linux ubuntu 4.15.0-32-generic #35-Ubuntu SMP Fri Aug 10 17:58:07 UTC 2018 x86_64
[   224.801] Kernel command line: BOOT_IMAGE=/boot/vmlinuz-4.15.0-32-generic root=UUID=69313a52-0bab-425f-b2bb-1871db111285 ro find_preseed=/preseed.cfg auto noprompt priority=critical locale=en_US quiet
[   224.801] Build Date: 13 April 2018  08:07:36PM
[   224.801] xorg-server 2:1.19.6-1ubuntu4 (For technical support please see http://www.ubuntu.com/support) 
[   224.801] Current version of pixman: 0.34.0
[   224.801] 	Before reporting problems, check http://wiki.x.org
	to make sure that you have the latest version.
[   224.801] Markers: (--) probed, (**) from config file, (==) default setting,
	(++) from command line, (!!) notice, (II) informational,
	(WW) warning, (EE) error, (NI) not implemented, (??) unknown.
[   224.802] (==) Log file: "/home/sameer/.local/share/xorg/Xorg.0.log", Time: Fri Aug 17 16:40:11 2018
[   224.814] (==) Using system config directory "/usr/share/X11/xorg.conf.d"
[   224.836] (==) No Layout section.  Using the first Screen section.
[   224.836] (==) No screen section available. Using defaults.
[   224.836] (**) |-->Screen "Default Screen Section" (0)
[   224.836] (**) |   |-->Monitor "<default monitor>"
[   224.839] (==) No monitor specified for screen "Default Screen Section".
	Using a default monitor configuration.
[   224.839] (==) Automatically adding devices
[   224.839] (==) Automatically enabling devices
[   224.839] (==) Automatically adding GPU devices
[   224.839] (==) Automatically binding GPU devices
[   224.839] (==) Max clients allowed: 256, resource mask: 0x1fffff
[   224.839] (WW) The directory "/usr/share/fonts/X11/cyrillic" does not exist.
[   224.839] 	Entry deleted from font path.
[   224.839] (WW) The directory "/usr/share/fonts/X11/100dpi/" does not exist.
[   224.839] 	Entry deleted from font path.
[   224.839] (WW) The directory "/usr/share/fonts/X11/75dpi/" does not exist.
[   224.839] 	Entry deleted from font path.
[   224.839] (WW) The directory "/usr/share/fonts/X11/100dpi" does not exist.
[   224.839] 	Entry deleted from font path.
[   224.839] (WW) The directory "/usr/share/fonts/X11/75dpi" does not exist.
[   224.839] 	Entry deleted from font path.
[   224.839] (==) FontPath set to:
	/usr/share/fonts/X11/misc,
	/usr/share/fonts/X11/Type1,
	built-ins
[   224.839] (==) ModulePath set to "/usr/lib/xorg/modules"
[   224.839] (II) The server relies on udev to provide the list of input devices.
	If no devices become available, reconfigure udev or disable AutoAddDevices.
[   224.865] (II) Loader magic: 0x55d884682020
[   224.865] (II) Module ABI versions:
[   224.865] 	X.Org ANSI C Emulation: 0.4
[   224.865] 	X.Org Video Driver: 23.0
[   224.865] 	X.Org XInput driver : 24.1
[   224.865] 	X.Org Server Extension : 10.0
[   224.866] (++) using VT number 2

[   224.868] (II) systemd-logind: took control of session /org/freedesktop/login1/session/_32
[   224.870] (II) xfree86: Adding drm device (/dev/dri/card0)
[   224.891] (II) systemd-logind: got fd for /dev/dri/card0 226:0 fd 12 paused 0
[   224.908] (--) PCI:*(0:0:15:0) 15ad:0405:15ad:0405 rev 0, Mem @ 0xe8000000/134217728, 0xfe000000/8388608, I/O @ 0x00001070/16, BIOS @ 0x????????/131072
[   224.909] (II) LoadModule: "glx"
[   224.939] (II) Loading /usr/lib/xorg/modules/extensions/libglx.so
[   225.018] (II) Module glx: vendor="X.Org Foundation"
[   225.018] 	compiled for 1.19.6, module version = 1.0.0
[   225.018] 	ABI class: X.Org Server Extension, version 10.0
[   225.018] (==) Matched vmware as autoconfigured driver 0
[   225.018] (==) Matched vmware as autoconfigured driver 1
[   225.018] (==) Matched modesetting as autoconfigured driver 2
[   225.018] (==) Matched fbdev as autoconfigured driver 3
[   225.018] (==) Matched vesa as autoconfigured driver 4
[   225.018] (==) Assigned the driver to the xf86ConfigLayout
[   225.018] (II) LoadModule: "vmware"
[   225.019] (II) Loading /usr/lib/xorg/modules/drivers/vmware_drv.so
[   225.211] (II) Module vmware: vendor="X.Org Foundation"
[   225.211] 	compiled for 1.19.3, module version = 13.2.1
[   225.212] 	Module class: X.Org Video Driver
[   225.212] 	ABI class: X.Org Video Driver, version 23.0
[   225.212] (II) LoadModule: "modesetting"
[   225.212] (II) Loading /usr/lib/xorg/modules/drivers/modesetting_drv.so
[   225.248] (II) Module modesetting: vendor="X.Org Foundation"
[   225.248] 	compiled for 1.19.6, module version = 1.19.6
[   225.248] 	Module class: X.Org Video Driver
[   225.248] 	ABI class: X.Org Video Driver, version 23.0
[   225.248] (II) LoadModule: "fbdev"
[   225.248] (II) Loading /usr/lib/xorg/modules/drivers/fbdev_drv.so
[   225.267] (II) Module fbdev: vendor="X.Org Foundation"
[   225.267] 	compiled for 1.19.3, module version = 0.4.4
[   225.267] 	Module class: X.Org Video Driver
[   225.267] 	ABI class: X.Org Video Driver, version 23.0
[   225.267] (II) LoadModule: "vesa"
[   225.267] (II) Loading /usr/lib/xorg/modules/drivers/vesa_drv.so
[   225.279] (II) Module vesa: vendor="X.Org Foundation"
[   225.279] 	compiled for 1.19.3, module version = 2.3.4
[   225.279] 	Module class: X.Org Video Driver
[   225.279] 	ABI class: X.Org Video Driver, version 23.0
[   225.279] (II) vmware: driver for VMware SVGA: vmware0405, vmware0710
[   225.279] (II) modesetting: Driver for Modesetting Kernel Drivers: kms
[   225.279] (II) FBDEV: driver for framebuffer: fbdev
[   225.279] (II) VESA: driver for VESA chipsets: vesa
[   225.279] xf86EnableIOPorts: failed to set IOPL for I/O (Operation not permitted)
[   225.279] (WW) Falling back to old probe method for modesetting
[   225.280] (WW) Falling back to old probe method for fbdev
[   225.280] (II) Loading sub module "fbdevhw"
[   225.280] (II) LoadModule: "fbdevhw"
[   225.280] (II) Loading /usr/lib/xorg/modules/libfbdevhw.so
[   225.291] (II) Module fbdevhw: vendor="X.Org Foundation"
[   225.291] 	compiled for 1.19.6, module version = 0.0.2
[   225.291] 	ABI class: X.Org Video Driver, version 23.0
[   225.291] (EE) open /dev/fb0: Permission denied
[   225.291] (WW) Falling back to old probe method for vesa
[   225.291] (WW) VGA arbiter: cannot open kernel arbiter, no multi-card support
[   225.291] (II) vmware(0): Creating default Display subsection in Screen section
	"Default Screen Section" for depth/fbbpp 24/32
[   225.291] (--) vmware(0): DRM driver version is 2.14.0
[   225.291] (==) vmware(0): Depth 24, (--) framebuffer bpp 32
[   225.291] (==) vmware(0): RGB weight 888
[   225.291] (==) vmware(0): Default visual is TrueColor
[   225.291] (--) vmware(0): Min width 1, Max Width 8192.
[   225.291] (--) vmware(0): Min height 1, Max Height 8192.
[   225.293] (II) vmware(0): Output Virtual1 has no monitor section
[   225.293] (II) vmware(0): Output Virtual2 has no monitor section
[   225.293] (II) vmware(0): Output Virtual3 has no monitor section
[   225.293] (II) vmware(0): Output Virtual4 has no monitor section
[   225.293] (II) vmware(0): Output Virtual5 has no monitor section
[   225.293] (II) vmware(0): Output Virtual6 has no monitor section
[   225.293] (II) vmware(0): Output Virtual7 has no monitor section
[   225.293] (II) vmware(0): Output Virtual8 has no monitor section
[   225.294] (II) vmware(0): Printing probed modes for output Virtual1
[   225.294] (II) vmware(0): Modeline "1366x671"x60.0   74.68  1366 1416 1466 1516  671 721 771 821 -hsync +vsync (49.3 kHz eP)
[   225.294] (II) vmware(0): Modeline "2560x1600"x60.0  348.50  2560 2752 3032 3504  1600 1603 1609 1658 -hsync +vsync (99.5 kHz e)
[   225.294] (II) vmware(0): Modeline "1920x1440"x60.0  234.00  1920 2048 2256 2600  1440 1441 1444 1500 -hsync +vsync (90.0 kHz e)
[   225.294] (II) vmware(0): Modeline "1856x1392"x60.0  218.25  1856 1952 2176 2528  1392 1393 1396 1439 -hsync +vsync (86.3 kHz e)
[   225.294] (II) vmware(0): Modeline "1792x1344"x60.0  204.75  1792 1920 2120 2448  1344 1345 1348 1394 -hsync +vsync (83.6 kHz e)
[   225.294] (II) vmware(0): Modeline "1920x1200"x59.9  193.25  1920 2056 2256 2592  1200 1203 1209 1245 -hsync +vsync (74.6 kHz e)
[   225.294] (II) vmware(0): Modeline "1600x1200"x60.0  162.00  1600 1664 1856 2160  1200 1201 1204 1250 +hsync +vsync (75.0 kHz e)
[   225.294] (II) vmware(0): Modeline "1680x1050"x60.0  146.25  1680 1784 1960 2240  1050 1053 1059 1089 -hsync +vsync (65.3 kHz e)
[   225.294] (II) vmware(0): Modeline "1400x1050"x60.0  121.75  1400 1488 1632 1864  1050 1053 1057 1089 -hsync +vsync (65.3 kHz e)
[   225.294] (II) vmware(0): Modeline "1280x1024"x60.0  108.00  1280 1328 1440 1688  1024 1025 1028 1066 +hsync +vsync (64.0 kHz e)
[   225.294] (II) vmware(0): Modeline "1440x900"x59.9  106.50  1440 1520 1672 1904  900 903 909 934 -hsync +vsync (55.9 kHz e)
[   225.294] (II) vmware(0): Modeline "1280x960"x60.0  108.00  1280 1376 1488 1800  960 961 964 1000 +hsync +vsync (60.0 kHz e)
[   225.294] (II) vmware(0): Modeline "1360x768"x60.0   85.50  1360 1424 1536 1792  768 771 777 795 +hsync +vsync (47.7 kHz e)
[   225.294] (II) vmware(0): Modeline "1280x800"x59.8   83.50  1280 1352 1480 1680  800 803 809 831 +hsync -vsync (49.7 kHz e)
[   225.294] (II) vmware(0): Modeline "1152x864"x75.0  108.00  1152 1216 1344 1600  864 865 868 900 +hsync +vsync (67.5 kHz e)
[   225.294] (II) vmware(0): Modeline "1280x768"x59.9   79.50  1280 1344 1472 1664  768 771 778 798 -hsync +vsync (47.8 kHz e)
[   225.294] (II) vmware(0): Modeline "1024x768"x60.0   65.00  1024 1048 1184 1344  768 771 777 806 -hsync -vsync (48.4 kHz e)
[   225.294] (II) vmware(0): Modeline "800x600"x60.3   40.00  800 840 968 1056  600 601 605 628 +hsync +vsync (37.9 kHz e)
[   225.294] (II) vmware(0): Modeline "640x480"x59.9   25.18  640 656 752 800  480 489 492 525 -hsync -vsync (31.5 kHz e)
[   225.294] (II) vmware(0): EDID for output Virtual2
[   225.294] (II) vmware(0): EDID for output Virtual3
[   225.294] (II) vmware(0): EDID for output Virtual4
[   225.294] (II) vmware(0): EDID for output Virtual5
[   225.294] (II) vmware(0): EDID for output Virtual6
[   225.294] (II) vmware(0): EDID for output Virtual7
[   225.294] (II) vmware(0): EDID for output Virtual8
[   225.294] (II) vmware(0): Output Virtual1 connected
[   225.294] (II) vmware(0): Output Virtual2 disconnected
[   225.294] (II) vmware(0): Output Virtual3 disconnected
[   225.294] (II) vmware(0): Output Virtual4 disconnected
[   225.294] (II) vmware(0): Output Virtual5 disconnected
[   225.294] (II) vmware(0): Output Virtual6 disconnected
[   225.294] (II) vmware(0): Output Virtual7 disconnected
[   225.294] (II) vmware(0): Output Virtual8 disconnected
[   225.294] (II) vmware(0): Using exact sizes for initial modes
[   225.294] (II) vmware(0): Output Virtual1 using initial mode 1366x671 +0+0
[   225.294] (==) vmware(0): DPI set to (96, 96)
[   225.294] (==) vmware(0): Using gamma correction (1.0, 1.0, 1.0)
[   225.294] (II) Loading sub module "fb"
[   225.294] (II) LoadModule: "fb"
[   225.313] (II) Loading /usr/lib/xorg/modules/libfb.so
[   225.322] (II) Module fb: vendor="X.Org Foundation"
[   225.322] 	compiled for 1.19.6, module version = 1.0.0
[   225.323] 	ABI class: X.Org ANSI C Emulation, version 0.4
[   225.323] (II) Loading sub module "dri2"
[   225.323] (II) LoadModule: "dri2"
[   225.323] (II) Module "dri2" already built-in
[   225.323] (II) UnloadModule: "modesetting"
[   225.323] (II) Unloading modesetting
[   225.323] (II) UnloadModule: "fbdev"
[   225.323] (II) Unloading fbdev
[   225.323] (II) UnloadSubModule: "fbdevhw"
[   225.323] (II) Unloading fbdevhw
[   225.325] (II) UnloadModule: "vesa"
[   225.325] (II) Unloading vesa
[   225.326] (==) Depth 24 pixmap format is 32 bpp
[   225.354] (II) vmware(0): Initialized VMWARE_CTRL extension version 0.2
[   225.425] (II) vmware(0): Gallium3D XA version: 2.3.0.
[   225.425] (II) vmware(0): Path of drm device is "/dev/dri/card0".
[   225.425] (II) vmware(0): [DRI2] Setup complete
[   225.425] (II) vmware(0): [DRI2]   DRI driver: vmwgfx
[   225.425] (--) vmware(0): Render acceleration is enabled.
[   225.426] (==) vmware(0): Rendercheck mode is disabled.
[   225.426] (--) vmware(0): Direct rendering (3D) is enabled.
[   225.426] (==) vmware(0): Direct presents are disabled.
[   225.426] (==) vmware(0): Hardware only presents are automatic per scanout.
[   225.426] (==) vmware(0): Backing store enabled
[   225.426] (==) vmware(0): Silken mouse enabled
[   225.427] (II) vmware(0): RandR 1.2 enabled, ignore the following RandR disabled message.
[   225.429] (==) vmware(0): DPMS enabled
[   225.430] (--) RandR disabled
[   225.434] (II) SELinux: Disabled on system
[   225.465] (II) AIGLX: enabled GLX_MESA_copy_sub_buffer
[   225.466] (II) AIGLX: enabled GLX_ARB_create_context
[   225.466] (II) AIGLX: enabled GLX_ARB_create_context_profile
[   225.466] (II) AIGLX: enabled GLX_EXT_create_context_es{,2}_profile
[   225.466] (II) AIGLX: enabled GLX_EXT_framebuffer_sRGB
[   225.466] (II) AIGLX: enabled GLX_ARB_fbconfig_float
[   225.466] (II) AIGLX: enabled GLX_EXT_fbconfig_packed_float
[   225.466] (II) AIGLX: GLX_EXT_texture_from_pixmap backed by buffer objects
[   225.474] (II) AIGLX: Loaded and initialized vmwgfx
[   225.474] (II) GLX: Initialized DRI2 GL provider for screen 0
[   225.536] (II) vmware(0): Setting screen physical size to 361 x 177
[   225.678] (II) config/udev: Adding input device Power Button (/dev/input/event0)
[   225.678] (**) Power Button: Applying InputClass "libinput keyboard catchall"
[   225.679] (II) LoadModule: "libinput"
[   225.679] (II) Loading /usr/lib/xorg/modules/input/libinput_drv.so
[   225.691] (II) Module libinput: vendor="X.Org Foundation"
[   225.691] 	compiled for 1.19.6, module version = 0.27.1
[   225.692] 	Module class: X.Org XInput Driver
[   225.692] 	ABI class: X.Org XInput driver, version 24.1
[   225.692] (II) Using input driver 'libinput' for 'Power Button'
[   225.704] (II) systemd-logind: got fd for /dev/input/event0 13:64 fd 24 paused 0
[   225.704] (**) Power Button: always reports core events
[   225.705] (**) Option "Device" "/dev/input/event0"
[   225.706] (**) Option "_source" "server/udev"
[   225.708] (II) event0  - Power Button: is tagged by udev as: Keyboard
[   225.708] (II) event0  - Power Button: device is a keyboard
[   225.708] (II) event0  - Power Button: device removed
[   225.711] (**) Option "config_info" "udev:/sys/devices/LNXSYSTM:00/LNXPWRBN:00/input/input0/event0"
[   225.711] (II) XINPUT: Adding extended input device "Power Button" (type: KEYBOARD, id 6)
[   225.711] (**) Option "xkb_model" "SKIP"
[   225.711] (**) Option "xkb_layout" "us"
[   225.784] (II) event0  - Power Button: is tagged by udev as: Keyboard
[   225.784] (II) event0  - Power Button: device is a keyboard
[   225.785] (II) config/udev: Adding input device VMware VMware Virtual USB Mouse (/dev/input/event4)
[   225.785] (**) VMware VMware Virtual USB Mouse: Applying InputClass "libinput pointer catchall"
[   225.785] (II) Using input driver 'libinput' for 'VMware VMware Virtual USB Mouse'
[   225.857] (II) systemd-logind: got fd for /dev/input/event4 13:68 fd 27 paused 0
[   225.857] (**) VMware VMware Virtual USB Mouse: always reports core events
[   225.857] (**) Option "Device" "/dev/input/event4"
[   225.857] (**) Option "_source" "server/udev"
[   225.859] (II) event4  - VMware VMware Virtual USB Mouse: is tagged by udev as: Mouse
[   225.859] (II) event4  - VMware VMware Virtual USB Mouse: device is a pointer
[   225.859] (II) event4  - VMware VMware Virtual USB Mouse: device removed
[   225.859] (**) Option "config_info" "udev:/sys/devices/pci0000:00/0000:00:11.0/0000:02:00.0/usb2/2-1/2-1:1.0/0003:0E0F:0003.0001/input/input5/event4"
[   225.860] (II) XINPUT: Adding extended input device "VMware VMware Virtual USB Mouse" (type: MOUSE, id 7)
[   225.860] (**) Option "AccelerationScheme" "none"
[   225.860] (**) VMware VMware Virtual USB Mouse: (accel) selected scheme none/0
[   225.860] (**) VMware VMware Virtual USB Mouse: (accel) acceleration factor: 2.000
[   225.860] (**) VMware VMware Virtual USB Mouse: (accel) acceleration threshold: 4
[   225.862] (II) event4  - VMware VMware Virtual USB Mouse: is tagged by udev as: Mouse
[   225.862] (II) event4  - VMware VMware Virtual USB Mouse: device is a pointer
[   225.862] (II) config/udev: Adding input device VMware VMware Virtual USB Mouse (/dev/input/mouse2)
[   225.863] (II) No input driver specified, ignoring this device.
[   225.863] (II) This device may have been added with another device file.
[   225.868] (II) config/udev: Adding input device AT Translated Set 2 keyboard (/dev/input/event1)
[   225.869] (**) AT Translated Set 2 keyboard: Applying InputClass "libinput keyboard catchall"
[   225.869] (II) Using input driver 'libinput' for 'AT Translated Set 2 keyboard'
[   225.870] (II) systemd-logind: got fd for /dev/input/event1 13:65 fd 28 paused 0
[   225.871] (**) AT Translated Set 2 keyboard: always reports core events
[   225.871] (**) Option "Device" "/dev/input/event1"
[   225.872] (**) Option "_source" "server/udev"
[   225.875] (II) event1  - AT Translated Set 2 keyboard: is tagged by udev as: Keyboard
[   225.875] (II) event1  - AT Translated Set 2 keyboard: device is a keyboard
[   225.875] (II) event1  - AT Translated Set 2 keyboard: device removed
[   225.875] (**) Option "config_info" "udev:/sys/devices/platform/i8042/serio0/input/input1/event1"
[   225.876] (II) XINPUT: Adding extended input device "AT Translated Set 2 keyboard" (type: KEYBOARD, id 8)
[   225.876] (**) Option "xkb_model" "SKIP"
[   225.876] (**) Option "xkb_layout" "us"
[   225.876] (II) event1  - AT Translated Set 2 keyboard: is tagged by udev as: Keyboard
[   225.878] (II) event1  - AT Translated Set 2 keyboard: device is a keyboard
[   225.878] (II) config/udev: Adding input device VirtualPS/2 VMware VMMouse (/dev/input/event3)
[   225.878] (**) VirtualPS/2 VMware VMMouse: Applying InputClass "libinput pointer catchall"
[   225.879] (II) Using input driver 'libinput' for 'VirtualPS/2 VMware VMMouse'
[   225.880] (II) systemd-logind: got fd for /dev/input/event3 13:67 fd 29 paused 0
[   225.880] (**) VirtualPS/2 VMware VMMouse: always reports core events
[   225.880] (**) Option "Device" "/dev/input/event3"
[   225.880] (**) Option "_source" "server/udev"
[   225.881] (II) event3  - VirtualPS/2 VMware VMMouse: is tagged by udev as: Mouse
[   225.882] (II) event3  - VirtualPS/2 VMware VMMouse: device is a pointer
[   225.882] (II) event3  - VirtualPS/2 VMware VMMouse: device removed
[   225.882] (**) Option "config_info" "udev:/sys/devices/platform/i8042/serio1/input/input3/event3"
[   225.882] (II) XINPUT: Adding extended input device "VirtualPS/2 VMware VMMouse" (type: MOUSE, id 9)
[   225.882] (**) Option "AccelerationScheme" "none"
[   225.882] (**) VirtualPS/2 VMware VMMouse: (accel) selected scheme none/0
[   225.882] (**) VirtualPS/2 VMware VMMouse: (accel) acceleration factor: 2.000
[   225.883] (**) VirtualPS/2 VMware VMMouse: (accel) acceleration threshold: 4
[   225.884] (II) event3  - VirtualPS/2 VMware VMMouse: is tagged by udev as: Mouse
[   225.884] (II) event3  - VirtualPS/2 VMware VMMouse: device is a pointer
[   225.886] (II) config/udev: Adding input device VirtualPS/2 VMware VMMouse (/dev/input/mouse1)
[   225.886] (II) No input driver specified, ignoring this device.
[   225.886] (II) This device may have been added with another device file.
[   225.888] (II) config/udev: Adding input device VirtualPS/2 VMware VMMouse (/dev/input/event2)
[   225.888] (**) VirtualPS/2 VMware VMMouse: Applying InputClass "libinput pointer catchall"
[   225.888] (II) Using input driver 'libinput' for 'VirtualPS/2 VMware VMMouse'
[   225.889] (II) systemd-logind: got fd for /dev/input/event2 13:66 fd 30 paused 0
[   225.890] (**) VirtualPS/2 VMware VMMouse: always reports core events
[   225.890] (**) Option "Device" "/dev/input/event2"
[   225.890] (**) Option "_source" "server/udev"
[   225.891] (II) event2  - VirtualPS/2 VMware VMMouse: is tagged by udev as: Mouse
[   225.891] (II) event2  - VirtualPS/2 VMware VMMouse: device is a pointer
[   225.891] (II) event2  - VirtualPS/2 VMware VMMouse: device removed
[   225.891] (**) Option "config_info" "udev:/sys/devices/platform/i8042/serio1/input/input4/event2"
[   225.891] (II) XINPUT: Adding extended input device "VirtualPS/2 VMware VMMouse" (type: MOUSE, id 10)
[   225.892] (**) Option "AccelerationScheme" "none"
[   225.892] (**) VirtualPS/2 VMware VMMouse: (accel) selected scheme none/0
[   225.892] (**) VirtualPS/2 VMware VMMouse: (accel) acceleration factor: 2.000
[   225.892] (**) VirtualPS/2 VMware VMMouse: (accel) acceleration threshold: 4
[   225.894] (II) event2  - VirtualPS/2 VMware VMMouse: is tagged by udev as: Mouse
[   225.894] (II) event2  - VirtualPS/2 VMware VMMouse: device is a pointer
[   225.895] (II) config/udev: Adding input device VirtualPS/2 VMware VMMouse (/dev/input/mouse0)
[   225.895] (II) No input driver specified, ignoring this device.
[   225.895] (II) This device may have been added with another device file.
[   341.534] (EE) client bug: timer event2 debounce short: offset negative (-7ms)
